2021-10-14 23:52:20.191		INFO	 15540 --- [           main] .s.d.r.c.RepositoryConfigurationDelegatelog
2021-10-15 23:52:20.192		INFO	 15540 --- [           main] .s.d.r.c.RepositoryConfigurationDelegatelog
2021-10-16 23:52:20.193		INFO	 15540 FO	 15540 --- [           main] .s.d.r.c.RepositoryConfigurationDelegatelog
<xml>
<a></a><b>asdsadadas</b>
</xml>

2021-10-18 23:52:20.195		ERROR	 15540 --- [           main] .s.d.r.c.RepositoryConfigurationDelegatelog
2021-10-19 23:52:20.196		ERROR	 15540 --- [           main] .s.d.r.c.RepositoryConfigurationDelegatelog
2021-10-20 23:52:20.197		ERROR	 15540 --- [           main] .s.d.r.c.RepositoryConfigurationDelegatelog
2021-10-21 23:52:20.198		ERROR	 15540 --- [           main] .s.d.r.c.RepositoryConfigurationDelegatelog
2021-10-22 23:52:20.199		ERROR	 15540 --- [           main] .s.d.r.c.RepositoryConfigurationDelegatelog
2021-10-23 23:52:20.200		ERROR	 15540 --- [           main] .s.d.r.c.RepositoryConfigurationDelegatelog
2021-10-24 23:52:20.201		ERROR	 15540 --- [           main] .s.d.r.c.RepositoryConfigurationDelegatelog
2021-10-25 23:52:20.202		ERROR	 15540 --- [           main] .s.d.r.c.RepositoryConfigurationDelegatelog
2021-01-26 23:52:20.203		ERROR	 15540 --- [           main] .s.d.r.c.RepositoryConfigurationDelegatelog
2021-10-27 23:52:20.204		ERROR	 15540 --- [           main] .s.d.r.c.RepositoryConfigurationDelegatelog
2021-10-28 23:52:20.205		ERROR	 15540 --- [           main] .s.d.r.c.RepositoryConfigurationDelegatelog
2021-10-29 23:52:20.206		ERROFO	 15540 --- [           main] .s.d.r.c.RepositoryConfigurationDelegatelog
<xml>
<a></a><b>asdsadadas</b>
</xml>

2021-10-30 23:52:20.207		ERROR	 15540 --- [           main] .s.d.r.c.RepositoryConfigurationDelegatelog
2021-10-31 23:52:20.208		INFO	 15540 --- [           main] .s.d.r.c.RepositoryConfigurationDelegatelog
2021-11-01 23:52:20.209		INFO	 15540 --- [           main] .s.d.r.c.RepositoryConfigurationDelegatelog
2021-11-02 23:52:20.210		INFO	 15540 --- [           main] .s.d.r.c.RepositoryConfigurationDelegatelog
2021-11-03 23:52:20.211		INFO	 15540 --- [           main] .s.d.r.c.RepositoryConfigurationDelegatelog
2021-11-04 23:52:20.212		INFO	 15540 --- [           main] .s.d.r.c.RepositoryConfigurationDelegatelog
2021-11-05 23:52:20.213		INFO	 15540 --- [           main] .s.d.r.c.RepositoryConfigurationDelegatelog
2021-11-06 23:52:20.214		INFO	 15540 --- [           main] .s.d.r.c.RepositoryConfigurationDelegatelog
2021-11-07 23:52:20.215		INFO	 15540 --- [           main] .s.d.r.c.RepositoryConfigurationDelegatelog
2021-11-08 23:52:20.216		INFO	 15540 --- [           main] .s.d.r.c.RepositoryConfigurationDelegatelog
2021-11-09 23:52:20.217		INFO	 15540 --- [           main] .s.d.r.c.RepositoryConfigurationDelegatelog
2021-11-10 23:52:20.218		INFO	 15540 --- [           main] .s.d.r.c.RepositoryConfigurationDelegatelog
2021-11-11 23:52:20.219		INFO	 15540 --- [           main] .s.d.r.c.RepositoryConfigurationDelegatelog
2021-11-12 23:52:20.220		INFO	 15540 --- [           main] .s.d.r.c.RepositoryConfigurationDelegatelog
2021-11-13 23:52:20.221		INFO	 15540 --- [           main] .s.d.r.c.RepositoryConfigurationDelegatelog
2021-11-14 23:52:20.222		INFO	 15540 --- [           main] .s.d.r.c.RepositoryConfigurationDelegatelog
2021-11-15 23:52:20.223		INFO	 15540 --- [           main] .s.d.r.c.RepositoryConfigurationDelegatelog
2021-11-16 23:52:20.224		INFO	 15540 --- [           main] .s.d.r.c.RepositoryConfigurationDelegatelog
2021-11-17 23:52:20.225		INFO	 15540 --- [           main] .s.d.r.c.RepositoryConfigurationDelegatelog
2021-11-18 23:52:20.226		INFO	 15540 --- [           main] .s.d.r.c.RepositoryConfigurationDelegatelog
2021-11-19 23:52:20.227		INFO	 15540 --- [           main] .s.d.r.c.RepositoryConfigurationDelegatelog
2021-11-20 23:52:20.228		INFO	 15540 --- [           main] .s.d.r.c.RepositoryConfigurationDelegatelog
2021-11-21 23:42:20.229		INFO	 15540 --- [           main] .s.d.r.c.RepositoryConfigurationDelegatelog
2021-11-21 23:42:20.229		INFO	 15540 --- [           main] .s.d.r.c.RepositoryConfigurationDelegatelog
2021-11-21 23:42:20.229		INFO	 15540 --- [           main] .s.d.r.c.RepositoryConfigurationDelegatelog
2021-11-21 23:42:20.229		INFO	 15540 --- [           main] .s.d.r.c.RepositoryConfigurationDelegatelog
ggto sdkj flsj flksjd f
<xml>
<a></a><b>asdsadadas</b>
</xml>
2021-11-22 23:53:20.228		WARN	 15540 --- [           main] .s.d.r.c.RepositoryConfigurationDelegatelog
2021-11-22 23:53:25.228		WARN	 15540 --- [           main] .s.d.r.c.RepositoryConfigurationDelegatelog
2021-11-22 23:54:25.228		WARN	 15540 --- [           main] .s.d.r.c.RepositoryConfigurationDelegatelog
2021-11-23 23:54:25.228		WARN	 15540 --- [           main] .s.d.r.c.RepositoryConfigurationDelegatelog
2021-11-24 23:54:25.228		WARN	 15540 --- [           main] .s.d.r.c.RepositoryConfigurationDelegatelog
2021-11-25 23:54:25.228		WARN	 15540 --- [           main] .s.d.r.c.RepositoryConfigurationDelegatelog
2021-11-26 23:54:25.228		WARN	 15540 --- [           main] .s.d.r.c.RepositoryConfigurationDelegatelog
2021-11-27 23:54:25.228		WARN	 15540 --- [           main] .s.d.r.c.RepositoryConfigurationDelegatelog
2021-11-28 23:54:25.228		WARN	 15540 --- [           main] .s.d.r.c.RepositoryConfigurationDelegatelog
2021-11-29 20:54:25.228		WARN	 15540 --- [           main] .s.d.r.c.RepositoryConfigurationDelegatelog
safsdflkj
asfasdf
2021-11-29 20:54:26.228		WARN	 15540 --- [           main] .s.d.r.c.RepositoryConfigurationDelegatelog
2021-11-29 20:54:26.228		WARN	 15540 --- [           main] .s.d.r.c.RepositoryConfigurationDelegatelog
2021-11-21 23:42:20.229		INFO	 15540 --- [           main] .s.d.r.c.RepositoryConfigurationDelegatelog
ggto sdkj flsj flksjd f
<xml>
<a>asddasasdasdasdksajdhask askjd haskjdh askdjh askjdh askdjh askdh askjdh askjdh askdh askjhd aksh</a>
<b>asdsadadas</b>
</xml>
2021-12-21 23:45:20.229		INFO	 15540 --- [           main] .s.d.r.c.RepositoryConfigurationDelegatelog
ggto sdkj flsj flksjd f
<xml>
<a>asddasasdasdasdksajdhask askjd haskjdh askdjh askjdh askdjh askdh askjdh askjdhaskdjh askdh askjdh askjdhaskdjh askdh askjdh askjdhaskdjh askdh askjdh askjdhaskdjh askdh askjdh askjdhaskdjh askdh askjdh askjdhaskdjh askdh askjdh askjdhaskdjh askdh askjdh askjdh askdh askjhd aksh</a>
<b>asdsadadas</b>
</xml>
2021-12-22 23:45:20.229		INFO	 15540 --- [           main] .s.d.r.c.RepositoryConfigurationDelegatelog
ggto sdkj flsj flksjd f
<xml>
<a>asddasasdasdasdksajdhask askjd haskjdh askdjh askjdh askdjh askdh askjdh askjdh askdh askjhd aksh</a>
<b>asdsadadas</b>
</xml>
2021-12-23 23:45:20.229		INFO	 15540 --- [           main] .s.d.r.c.RepositoryConfigurationDelegatelog
ggto sdkj flsj flksjd f
<xml>
<a>asddasasdasdasdksajdhask askjd haskjdh askdjh askjdh askdjh askdh askjdh askjdh askdh askjhd aksh</a>
<b>asdsadadas</b>
</xml>

